{"C:\\Users\\vishnu\\dockitty-backend\\src\\app.ts": {"path":"C:\\Users\\vishnu\\dockitty-backend\\src\\app.ts","statementMap":{"0":{"start":{"line":1,"column":0},"end":{"line":1,"column":30}},"1":{"start":{"line":2,"column":0},"end":{"line":2,"column":24}},"2":{"start":{"line":4,"column":0},"end":{"line":4,"column":43}},"3":{"start":{"line":5,"column":0},"end":{"line":5,"column":53}},"4":{"start":{"line":6,"column":0},"end":{"line":6,"column":52}},"5":{"start":{"line":7,"column":12},"end":{"line":7,"column":21}},"6":{"start":{"line":9,"column":0},"end":{"line":13,"column":4}},"7":{"start":{"line":15,"column":0},"end":{"line":15,"column":24}},"8":{"start":{"line":16,"column":0},"end":{"line":16,"column":35}},"9":{"start":{"line":17,"column":0},"end":{"line":17,"column":42}},"10":{"start":{"line":19,"column":0},"end":{"line":19,"column":32}},"11":{"start":{"line":21,"column":0},"end":{"line":21,"column":19}}},"fnMap":{},"branchMap":{},"s":{"0":0,"1":0,"2":0,"3":0,"4":0,"5":0,"6":0,"7":0,"8":0,"9":0,"10":0,"11":0},"f":{},"b":{}}
,"C:\\Users\\vishnu\\dockitty-backend\\src\\index.ts": {"path":"C:\\Users\\vishnu\\dockitty-backend\\src\\index.ts","statementMap":{"0":{"start":{"line":1,"column":0},"end":{"line":1,"column":30}},"1":{"start":{"line":2,"column":0},"end":{"line":2,"column":32}},"2":{"start":{"line":3,"column":0},"end":{"line":3,"column":38}},"3":{"start":{"line":4,"column":0},"end":{"line":4,"column":24}},"4":{"start":{"line":5,"column":0},"end":{"line":5,"column":45}},"5":{"start":{"line":6,"column":0},"end":{"line":6,"column":27}},"6":{"start":{"line":8,"column":12},"end":{"line":8,"column":21}},"7":{"start":{"line":10,"column":0},"end":{"line":13,"column":4}},"8":{"start":{"line":14,"column":0},"end":{"line":18,"column":4}},"9":{"start":{"line":19,"column":0},"end":{"line":19,"column":31}},"10":{"start":{"line":20,"column":0},"end":{"line":20,"column":28}},"11":{"start":{"line":22,"column":0},"end":{"line":22,"column":33}},"12":{"start":{"line":24,"column":0},"end":{"line":26,"column":3}},"13":{"start":{"line":25,"column":2},"end":{"line":25,"column":45}}},"fnMap":{"0":{"name":"(anonymous_1)","decl":{"start":{"line":24,"column":17},"end":{"line":24,"column":20}},"loc":{"start":{"line":24,"column":22},"end":{"line":26,"column":1}}}},"branchMap":{},"s":{"0":0,"1":0,"2":0,"3":0,"4":0,"5":0,"6":0,"7":0,"8":0,"9":0,"10":0,"11":0,"12":0,"13":0},"f":{"0":0},"b":{}}
,"C:\\Users\\vishnu\\dockitty-backend\\src\\config\\passport.ts": {"path":"C:\\Users\\vishnu\\dockitty-backend\\src\\config\\passport.ts","statementMap":{"0":{"start":{"line":3,"column":0},"end":{"line":3,"column":28}},"1":{"start":{"line":5,"column":0},"end":{"line":5,"column":16}}},"fnMap":{},"branchMap":{},"s":{"0":0,"1":0},"f":{},"b":{}}
,"C:\\Users\\vishnu\\dockitty-backend\\src\\controllers\\authController.ts": {"path":"C:\\Users\\vishnu\\dockitty-backend\\src\\controllers\\authController.ts","statementMap":{"0":{"start":{"line":2,"column":0},"end":{"line":2,"column":38}},"1":{"start":{"line":3,"column":0},"end":{"line":3,"column":31}},"2":{"start":{"line":4,"column":0},"end":{"line":4,"column":30}},"3":{"start":{"line":6,"column":24},"end":{"line":24,"column":1}},"4":{"start":{"line":7,"column":30},"end":{"line":7,"column":38}},"5":{"start":{"line":8,"column":25},"end":{"line":8,"column":56}},"6":{"start":{"line":10,"column":2},"end":{"line":23,"column":3}},"7":{"start":{"line":11,"column":17},"end":{"line":13,"column":6}},"8":{"start":{"line":15,"column":18},"end":{"line":17,"column":6}},"9":{"start":{"line":19,"column":4},"end":{"line":19,"column":24}},"10":{"start":{"line":21,"column":4},"end":{"line":21,"column":23}},"11":{"start":{"line":22,"column":4},"end":{"line":22,"column":61}},"12":{"start":{"line":6,"column":13},"end":{"line":6,"column":24}},"13":{"start":{"line":26,"column":21},"end":{"line":44,"column":1}},"14":{"start":{"line":27,"column":30},"end":{"line":27,"column":38}},"15":{"start":{"line":29,"column":2},"end":{"line":43,"column":3}},"16":{"start":{"line":30,"column":17},"end":{"line":30,"column":67}},"17":{"start":{"line":31,"column":4},"end":{"line":34,"column":5}},"18":{"start":{"line":33,"column":6},"end":{"line":33,"column":70}},"19":{"start":{"line":36,"column":18},"end":{"line":38,"column":6}},"20":{"start":{"line":40,"column":4},"end":{"line":40,"column":24}},"21":{"start":{"line":42,"column":4},"end":{"line":42,"column":54}},"22":{"start":{"line":26,"column":13},"end":{"line":26,"column":21}}},"fnMap":{"0":{"name":"(anonymous_1)","decl":{"start":{"line":6,"column":24},"end":{"line":6,"column":29}},"loc":{"start":{"line":6,"column":62},"end":{"line":24,"column":1}}},"1":{"name":"(anonymous_2)","decl":{"start":{"line":26,"column":21},"end":{"line":26,"column":26}},"loc":{"start":{"line":26,"column":59},"end":{"line":44,"column":1}}}},"branchMap":{"0":{"loc":{"start":{"line":31,"column":4},"end":{"line":34,"column":5}},"type":"if","locations":[{"start":{"line":31,"column":4},"end":{"line":34,"column":5}},{"start":{},"end":{}}]},"1":{"loc":{"start":{"line":31,"column":8},"end":{"line":31,"column":83}},"type":"binary-expr","locations":[{"start":{"line":31,"column":8},"end":{"line":31,"column":13}},{"start":{"line":31,"column":17},"end":{"line":31,"column":31}},{"start":{"line":31,"column":35},"end":{"line":31,"column":83}}]}},"s":{"0":0,"1":0,"2":0,"3":0,"4":0,"5":0,"6":0,"7":0,"8":0,"9":0,"10":0,"11":0,"12":0,"13":0,"14":0,"15":0,"16":0,"17":0,"18":0,"19":0,"20":0,"21":0,"22":0},"f":{"0":0,"1":0},"b":{"0":[0,0],"1":[0,0,0]}}
,"C:\\Users\\vishnu\\dockitty-backend\\src\\controllers\\docController.ts": {"path":"C:\\Users\\vishnu\\dockitty-backend\\src\\controllers\\docController.ts","statementMap":{"0":{"start":{"line":2,"column":0},"end":{"line":2,"column":38}},"1":{"start":{"line":3,"column":0},"end":{"line":3,"column":41}},"2":{"start":{"line":5,"column":36},"end":{"line":40,"column":1}},"3":{"start":{"line":6,"column":15},"end":{"line":6,"column":23}},"4":{"start":{"line":8,"column":2},"end":{"line":10,"column":3}},"5":{"start":{"line":9,"column":4},"end":{"line":9,"column":65}},"6":{"start":{"line":12,"column":18},"end":{"line":12,"column":47}},"7":{"start":{"line":14,"column":2},"end":{"line":39,"column":3}},"8":{"start":{"line":15,"column":23},"end":{"line":23,"column":2}},"9":{"start":{"line":26,"column":26},"end":{"line":26,"column":70}},"10":{"start":{"line":28,"column":16},"end":{"line":33,"column":6}},"11":{"start":{"line":35,"column":4},"end":{"line":35,"column":47}},"12":{"start":{"line":37,"column":4},"end":{"line":37,"column":42}},"13":{"start":{"line":38,"column":4},"end":{"line":38,"column":67}},"14":{"start":{"line":5,"column":13},"end":{"line":5,"column":36}},"15":{"start":{"line":42,"column":30},"end":{"line":53,"column":1}},"16":{"start":{"line":43,"column":30},"end":{"line":43,"column":38}},"17":{"start":{"line":45,"column":2},"end":{"line":52,"column":3}},"18":{"start":{"line":46,"column":16},"end":{"line":48,"column":6}},"19":{"start":{"line":49,"column":4},"end":{"line":49,"column":18}},"20":{"start":{"line":51,"column":4},"end":{"line":51,"column":65}},"21":{"start":{"line":42,"column":13},"end":{"line":42,"column":30}},"22":{"start":{"line":55,"column":28},"end":{"line":66,"column":1}},"23":{"start":{"line":56,"column":21},"end":{"line":56,"column":30}},"24":{"start":{"line":58,"column":2},"end":{"line":65,"column":3}},"25":{"start":{"line":59,"column":17},"end":{"line":61,"column":6}},"26":{"start":{"line":62,"column":4},"end":{"line":62,"column":19}},"27":{"start":{"line":64,"column":4},"end":{"line":64,"column":65}},"28":{"start":{"line":55,"column":13},"end":{"line":55,"column":28}}},"fnMap":{"0":{"name":"(anonymous_1)","decl":{"start":{"line":5,"column":36},"end":{"line":5,"column":41}},"loc":{"start":{"line":5,"column":74},"end":{"line":40,"column":1}}},"1":{"name":"(anonymous_2)","decl":{"start":{"line":42,"column":30},"end":{"line":42,"column":35}},"loc":{"start":{"line":42,"column":68},"end":{"line":53,"column":1}}},"2":{"name":"(anonymous_3)","decl":{"start":{"line":55,"column":28},"end":{"line":55,"column":33}},"loc":{"start":{"line":55,"column":66},"end":{"line":66,"column":1}}}},"branchMap":{"0":{"loc":{"start":{"line":8,"column":2},"end":{"line":10,"column":3}},"type":"if","locations":[{"start":{"line":8,"column":2},"end":{"line":10,"column":3}},{"start":{},"end":{}}]},"1":{"loc":{"start":{"line":26,"column":26},"end":{"line":26,"column":70}},"type":"binary-expr","locations":[{"start":{"line":26,"column":26},"end":{"line":26,"column":64}},{"start":{"line":26,"column":68},"end":{"line":26,"column":70}}]}},"s":{"0":0,"1":0,"2":0,"3":0,"4":0,"5":0,"6":0,"7":0,"8":0,"9":0,"10":0,"11":0,"12":0,"13":0,"14":0,"15":0,"16":0,"17":0,"18":0,"19":0,"20":0,"21":0,"22":0,"23":0,"24":0,"25":0,"26":0,"27":0,"28":0},"f":{"0":0,"1":0,"2":0},"b":{"0":[0,0],"1":[0,0]}}
,"C:\\Users\\vishnu\\dockitty-backend\\src\\lib\\prisma.ts": {"path":"C:\\Users\\vishnu\\dockitty-backend\\src\\lib\\prisma.ts","statementMap":{"0":{"start":{"line":2,"column":0},"end":{"line":2,"column":46}},"1":{"start":{"line":3,"column":15},"end":{"line":3,"column":33}},"2":{"start":{"line":4,"column":0},"end":{"line":4,"column":22}}},"fnMap":{},"branchMap":{},"s":{"0":0,"1":0,"2":0},"f":{},"b":{}}
,"C:\\Users\\vishnu\\dockitty-backend\\src\\middleware\\auth.ts": {"path":"C:\\Users\\vishnu\\dockitty-backend\\src\\middleware\\auth.ts","statementMap":{"0":{"start":{"line":1,"column":0},"end":{"line":1,"column":32}},"1":{"start":{"line":2,"column":0},"end":{"line":2,"column":78}},"2":{"start":{"line":6,"column":25},"end":{"line":12,"column":1}},"3":{"start":{"line":7,"column":2},"end":{"line":11,"column":4}},"4":{"start":{"line":14,"column":0},"end":{"line":35,"column":2}},"5":{"start":{"line":22,"column":6},"end":{"line":32,"column":7}},"6":{"start":{"line":23,"column":21},"end":{"line":23,"column":52}},"7":{"start":{"line":24,"column":7},"end":{"line":28,"column":11}},"8":{"start":{"line":31,"column":8},"end":{"line":31,"column":36}},"9":{"start":{"line":38,"column":0},"end":{"line":40,"column":3}},"10":{"start":{"line":39,"column":2},"end":{"line":39,"column":19}},"11":{"start":{"line":41,"column":0},"end":{"line":43,"column":3}},"12":{"start":{"line":42,"column":2},"end":{"line":42,"column":27}}},"fnMap":{"0":{"name":"(anonymous_1)","decl":{"start":{"line":6,"column":25},"end":{"line":6,"column":30}},"loc":{"start":{"line":6,"column":67},"end":{"line":12,"column":1}}},"1":{"name":"(anonymous_2)","decl":{"start":{"line":21,"column":4},"end":{"line":21,"column":9}},"loc":{"start":{"line":21,"column":55},"end":{"line":33,"column":5}}},"2":{"name":"(anonymous_3)","decl":{"start":{"line":38,"column":23},"end":{"line":38,"column":24}},"loc":{"start":{"line":38,"column":38},"end":{"line":40,"column":1}}},"3":{"name":"(anonymous_4)","decl":{"start":{"line":41,"column":25},"end":{"line":41,"column":26}},"loc":{"start":{"line":41,"column":40},"end":{"line":43,"column":1}}}},"branchMap":{"0":{"loc":{"start":{"line":10,"column":11},"end":{"line":10,"column":43}},"type":"binary-expr","locations":[{"start":{"line":10,"column":11},"end":{"line":10,"column":37}},{"start":{"line":10,"column":41},"end":{"line":10,"column":43}}]},"1":{"loc":{"start":{"line":26,"column":9},"end":{"line":26,"column":60}},"type":"binary-expr","locations":[{"start":{"line":26,"column":9},"end":{"line":26,"column":34}},{"start":{"line":26,"column":38},"end":{"line":26,"column":60}}]},"2":{"loc":{"start":{"line":27,"column":8},"end":{"line":27,"column":40}},"type":"binary-expr","locations":[{"start":{"line":27,"column":8},"end":{"line":27,"column":27}},{"start":{"line":27,"column":31},"end":{"line":27,"column":40}}]}},"s":{"0":0,"1":0,"2":0,"3":0,"4":0,"5":0,"6":0,"7":0,"8":0,"9":0,"10":0,"11":0,"12":0},"f":{"0":0,"1":0,"2":0,"3":0},"b":{"0":[0,0],"1":[0,0],"2":[0,0]}}
,"C:\\Users\\vishnu\\dockitty-backend\\src\\middleware\\authMiddleware.ts": {"path":"C:\\Users\\vishnu\\dockitty-backend\\src\\middleware\\authMiddleware.ts","statementMap":{"0":{"start":{"line":2,"column":0},"end":{"line":2,"column":31}},"1":{"start":{"line":4,"column":28},"end":{"line":16,"column":1}},"2":{"start":{"line":5,"column":21},"end":{"line":5,"column":46}},"3":{"start":{"line":6,"column":2},"end":{"line":6,"column":77}},"4":{"start":{"line":6,"column":19},"end":{"line":6,"column":77}},"5":{"start":{"line":8,"column":16},"end":{"line":8,"column":40}},"6":{"start":{"line":9,"column":2},"end":{"line":15,"column":3}},"7":{"start":{"line":10,"column":20},"end":{"line":10,"column":62}},"8":{"start":{"line":11,"column":5},"end":{"line":11,"column":32}},"9":{"start":{"line":12,"column":4},"end":{"line":12,"column":11}},"10":{"start":{"line":14,"column":4},"end":{"line":14,"column":62}},"11":{"start":{"line":4,"column":13},"end":{"line":4,"column":28}}},"fnMap":{"0":{"name":"(anonymous_1)","decl":{"start":{"line":4,"column":28},"end":{"line":4,"column":29}},"loc":{"start":{"line":4,"column":80},"end":{"line":16,"column":1}}}},"branchMap":{"0":{"loc":{"start":{"line":6,"column":2},"end":{"line":6,"column":77}},"type":"if","locations":[{"start":{"line":6,"column":2},"end":{"line":6,"column":77}},{"start":{},"end":{}}]}},"s":{"0":0,"1":0,"2":0,"3":0,"4":0,"5":0,"6":0,"7":0,"8":0,"9":0,"10":0,"11":0},"f":{"0":0},"b":{"0":[0,0]}}
,"C:\\Users\\vishnu\\dockitty-backend\\src\\middleware\\verifyToken.ts": {"path":"C:\\Users\\vishnu\\dockitty-backend\\src\\middleware\\verifyToken.ts","statementMap":{"0":{"start":{"line":2,"column":0},"end":{"line":2,"column":31}},"1":{"start":{"line":4,"column":27},"end":{"line":28,"column":1}},"2":{"start":{"line":5,"column":21},"end":{"line":5,"column":46}},"3":{"start":{"line":7,"column":2},"end":{"line":9,"column":3}},"4":{"start":{"line":8,"column":4},"end":{"line":8,"column":64}},"5":{"start":{"line":11,"column":16},"end":{"line":11,"column":40}},"6":{"start":{"line":13,"column":2},"end":{"line":27,"column":3}},"7":{"start":{"line":14,"column":20},"end":{"line":14,"column":80}},"8":{"start":{"line":16,"column":0},"end":{"line":18,"column":1}},"9":{"start":{"line":17,"column":2},"end":{"line":17,"column":70}},"10":{"start":{"line":20,"column":0},"end":{"line":23,"column":2}},"11":{"start":{"line":26,"column":4},"end":{"line":26,"column":60}},"12":{"start":{"line":4,"column":13},"end":{"line":4,"column":27}}},"fnMap":{"0":{"name":"(anonymous_1)","decl":{"start":{"line":4,"column":27},"end":{"line":4,"column":28}},"loc":{"start":{"line":4,"column":79},"end":{"line":28,"column":1}}}},"branchMap":{"0":{"loc":{"start":{"line":7,"column":2},"end":{"line":9,"column":3}},"type":"if","locations":[{"start":{"line":7,"column":2},"end":{"line":9,"column":3}},{"start":{},"end":{}}]},"1":{"loc":{"start":{"line":7,"column":6},"end":{"line":7,"column":54}},"type":"binary-expr","locations":[{"start":{"line":7,"column":6},"end":{"line":7,"column":17}},{"start":{"line":7,"column":21},"end":{"line":7,"column":54}}]},"2":{"loc":{"start":{"line":16,"column":0},"end":{"line":18,"column":1}},"type":"if","locations":[{"start":{"line":16,"column":0},"end":{"line":18,"column":1}},{"start":{},"end":{}}]},"3":{"loc":{"start":{"line":16,"column":4},"end":{"line":16,"column":43}},"type":"binary-expr","locations":[{"start":{"line":16,"column":4},"end":{"line":16,"column":12}},{"start":{"line":16,"column":16},"end":{"line":16,"column":43}}]}},"s":{"0":0,"1":0,"2":0,"3":0,"4":0,"5":0,"6":0,"7":0,"8":0,"9":0,"10":0,"11":0,"12":0},"f":{"0":0},"b":{"0":[0,0],"1":[0,0],"2":[0,0],"3":[0,0]}}
,"C:\\Users\\vishnu\\dockitty-backend\\src\\prisma\\client.ts": {"path":"C:\\Users\\vishnu\\dockitty-backend\\src\\prisma\\client.ts","statementMap":{"0":{"start":{"line":1,"column":0},"end":{"line":1,"column":46}},"1":{"start":{"line":2,"column":15},"end":{"line":2,"column":33}},"2":{"start":{"line":3,"column":0},"end":{"line":3,"column":22}}},"fnMap":{},"branchMap":{},"s":{"0":0,"1":0,"2":0},"f":{},"b":{}}
,"C:\\Users\\vishnu\\dockitty-backend\\src\\routes\\authRoutes.ts": {"path":"C:\\Users\\vishnu\\dockitty-backend\\src\\routes\\authRoutes.ts","statementMap":{"0":{"start":{"line":1,"column":0},"end":{"line":1,"column":30}},"1":{"start":{"line":5,"column":15},"end":{"line":5,"column":31}},"2":{"start":{"line":39,"column":0},"end":{"line":39,"column":22}}},"fnMap":{},"branchMap":{},"s":{"0":0,"1":0,"2":0},"f":{},"b":{}}
,"C:\\Users\\vishnu\\dockitty-backend\\src\\routes\\client.ts": {"path":"C:\\Users\\vishnu\\dockitty-backend\\src\\routes\\client.ts","statementMap":{"0":{"start":{"line":1,"column":0},"end":{"line":1,"column":46}},"1":{"start":{"line":2,"column":15},"end":{"line":2,"column":33}},"2":{"start":{"line":3,"column":0},"end":{"line":3,"column":22}}},"fnMap":{},"branchMap":{},"s":{"0":0,"1":0,"2":0},"f":{},"b":{}}
,"C:\\Users\\vishnu\\dockitty-backend\\src\\routes\\docRoutes.ts": {"path":"C:\\Users\\vishnu\\dockitty-backend\\src\\routes\\docRoutes.ts","statementMap":{"0":{"start":{"line":1,"column":0},"end":{"line":1,"column":30}},"1":{"start":{"line":2,"column":0},"end":{"line":2,"column":76}},"2":{"start":{"line":4,"column":15},"end":{"line":4,"column":31}},"3":{"start":{"line":6,"column":0},"end":{"line":6,"column":39}},"4":{"start":{"line":7,"column":0},"end":{"line":7,"column":30}},"5":{"start":{"line":9,"column":0},"end":{"line":9,"column":22}}},"fnMap":{},"branchMap":{},"s":{"0":0,"1":0,"2":0,"3":0,"4":0,"5":0},"f":{},"b":{}}
,"C:\\Users\\vishnu\\dockitty-backend\\src\\routes\\documentRoutes.ts": {"path":"C:\\Users\\vishnu\\dockitty-backend\\src\\routes\\documentRoutes.ts","statementMap":{"0":{"start":{"line":1,"column":0},"end":{"line":1,"column":30}},"1":{"start":{"line":2,"column":0},"end":{"line":2,"column":28}},"2":{"start":{"line":3,"column":0},"end":{"line":3,"column":35}},"3":{"start":{"line":4,"column":0},"end":{"line":4,"column":56}},"4":{"start":{"line":5,"column":0},"end":{"line":5,"column":65}},"5":{"start":{"line":7,"column":15},"end":{"line":7,"column":31}},"6":{"start":{"line":8,"column":15},"end":{"line":8,"column":58}},"7":{"start":{"line":10,"column":0},"end":{"line":40,"column":2}},"8":{"start":{"line":15,"column":4},"end":{"line":38,"column":5}},"9":{"start":{"line":16,"column":6},"end":{"line":18,"column":7}},"10":{"start":{"line":17,"column":8},"end":{"line":17,"column":65}},"11":{"start":{"line":20,"column":21},"end":{"line":20,"column":32}},"12":{"start":{"line":21,"column":19},"end":{"line":21,"column":27}},"13":{"start":{"line":22,"column":6},"end":{"line":22,"column":78}},"14":{"start":{"line":22,"column":17},"end":{"line":22,"column":78}},"15":{"start":{"line":24,"column":27},"end":{"line":24,"column":56}},"16":{"start":{"line":25,"column":28},"end":{"line":25,"column":65}},"17":{"start":{"line":27,"column":18},"end":{"line":32,"column":8}},"18":{"start":{"line":34,"column":6},"end":{"line":34,"column":47}},"19":{"start":{"line":36,"column":6},"end":{"line":36,"column":52}},"20":{"start":{"line":37,"column":6},"end":{"line":37,"column":65}},"21":{"start":{"line":42,"column":0},"end":{"line":59,"column":3}},"22":{"start":{"line":43,"column":2},"end":{"line":58,"column":3}},"23":{"start":{"line":44,"column":4},"end":{"line":46,"column":5}},"24":{"start":{"line":45,"column":6},"end":{"line":45,"column":63}},"25":{"start":{"line":48,"column":19},"end":{"line":48,"column":30}},"26":{"start":{"line":49,"column":22},"end":{"line":52,"column":6}},"27":{"start":{"line":54,"column":4},"end":{"line":54,"column":24}},"28":{"start":{"line":56,"column":4},"end":{"line":56,"column":50}},"29":{"start":{"line":57,"column":4},"end":{"line":57,"column":63}},"30":{"start":{"line":61,"column":0},"end":{"line":61,"column":22}}},"fnMap":{"0":{"name":"(anonymous_1)","decl":{"start":{"line":14,"column":2},"end":{"line":14,"column":7}},"loc":{"start":{"line":14,"column":21},"end":{"line":39,"column":3}}},"1":{"name":"(anonymous_2)","decl":{"start":{"line":42,"column":38},"end":{"line":42,"column":43}},"loc":{"start":{"line":42,"column":57},"end":{"line":59,"column":1}}}},"branchMap":{"0":{"loc":{"start":{"line":16,"column":6},"end":{"line":18,"column":7}},"type":"if","locations":[{"start":{"line":16,"column":6},"end":{"line":18,"column":7}},{"start":{},"end":{}}]},"1":{"loc":{"start":{"line":16,"column":10},"end":{"line":16,"column":35}},"type":"binary-expr","locations":[{"start":{"line":16,"column":10},"end":{"line":16,"column":19}},{"start":{"line":16,"column":23},"end":{"line":16,"column":35}}]},"2":{"loc":{"start":{"line":22,"column":6},"end":{"line":22,"column":78}},"type":"if","locations":[{"start":{"line":22,"column":6},"end":{"line":22,"column":78}},{"start":{},"end":{}}]},"3":{"loc":{"start":{"line":44,"column":4},"end":{"line":46,"column":5}},"type":"if","locations":[{"start":{"line":44,"column":4},"end":{"line":46,"column":5}},{"start":{},"end":{}}]},"4":{"loc":{"start":{"line":44,"column":8},"end":{"line":44,"column":33}},"type":"binary-expr","locations":[{"start":{"line":44,"column":8},"end":{"line":44,"column":17}},{"start":{"line":44,"column":21},"end":{"line":44,"column":33}}]}},"s":{"0":0,"1":0,"2":0,"3":0,"4":0,"5":0,"6":0,"7":0,"8":0,"9":0,"10":0,"11":0,"12":0,"13":0,"14":0,"15":0,"16":0,"17":0,"18":0,"19":0,"20":0,"21":0,"22":0,"23":0,"24":0,"25":0,"26":0,"27":0,"28":0,"29":0,"30":0},"f":{"0":0,"1":0},"b":{"0":[0,0],"1":[0,0],"2":[0,0],"3":[0,0],"4":[0,0]}}
,"C:\\Users\\vishnu\\dockitty-backend\\src\\routes\\auth\\google.ts": {"path":"C:\\Users\\vishnu\\dockitty-backend\\src\\routes\\auth\\google.ts","statementMap":{"0":{"start":{"line":1,"column":0},"end":{"line":1,"column":30}},"1":{"start":{"line":2,"column":0},"end":{"line":2,"column":32}},"2":{"start":{"line":3,"column":0},"end":{"line":3,"column":69}},"3":{"start":{"line":4,"column":0},"end":{"line":4,"column":31}},"4":{"start":{"line":5,"column":0},"end":{"line":5,"column":38}},"5":{"start":{"line":6,"column":0},"end":{"line":6,"column":41}},"6":{"start":{"line":8,"column":15},"end":{"line":8,"column":31}},"7":{"start":{"line":11,"column":0},"end":{"line":15,"column":4}},"8":{"start":{"line":17,"column":0},"end":{"line":17,"column":34}},"9":{"start":{"line":18,"column":0},"end":{"line":18,"column":31}},"10":{"start":{"line":20,"column":0},"end":{"line":22,"column":3}},"11":{"start":{"line":21,"column":2},"end":{"line":21,"column":19}},"12":{"start":{"line":24,"column":0},"end":{"line":26,"column":3}},"13":{"start":{"line":25,"column":2},"end":{"line":25,"column":19}},"14":{"start":{"line":28,"column":0},"end":{"line":55,"column":2}},"15":{"start":{"line":36,"column":20},"end":{"line":36,"column":45}},"16":{"start":{"line":38,"column":6},"end":{"line":38,"column":43}},"17":{"start":{"line":38,"column":18},"end":{"line":38,"column":43}},"18":{"start":{"line":40,"column":17},"end":{"line":40,"column":67}},"19":{"start":{"line":42,"column":6},"end":{"line":50,"column":7}},"20":{"start":{"line":43,"column":8},"end":{"line":49,"column":11}},"21":{"start":{"line":52,"column":6},"end":{"line":52,"column":30}},"22":{"start":{"line":58,"column":0},"end":{"line":60,"column":2}},"23":{"start":{"line":63,"column":0},"end":{"line":78,"column":2}},"24":{"start":{"line":66,"column":17},"end":{"line":66,"column":25}},"25":{"start":{"line":69,"column":18},"end":{"line":72,"column":null}},"26":{"start":{"line":76,"column":4},"end":{"line":76,"column":76}},"27":{"start":{"line":80,"column":0},"end":{"line":80,"column":22}}},"fnMap":{"0":{"name":"(anonymous_1)","decl":{"start":{"line":20,"column":23},"end":{"line":20,"column":24}},"loc":{"start":{"line":20,"column":43},"end":{"line":22,"column":1}}},"1":{"name":"(anonymous_2)","decl":{"start":{"line":24,"column":25},"end":{"line":24,"column":26}},"loc":{"start":{"line":24,"column":45},"end":{"line":26,"column":1}}},"2":{"name":"(anonymous_3)","decl":{"start":{"line":35,"column":4},"end":{"line":35,"column":9}},"loc":{"start":{"line":35,"column":55},"end":{"line":53,"column":5}}},"3":{"name":"(anonymous_4)","decl":{"start":{"line":65,"column":2},"end":{"line":65,"column":3}},"loc":{"start":{"line":65,"column":20},"end":{"line":77,"column":3}}}},"branchMap":{"0":{"loc":{"start":{"line":12,"column":10},"end":{"line":12,"column":56}},"type":"binary-expr","locations":[{"start":{"line":12,"column":10},"end":{"line":12,"column":36}},{"start":{"line":12,"column":40},"end":{"line":12,"column":56}}]},"1":{"loc":{"start":{"line":38,"column":6},"end":{"line":38,"column":43}},"type":"if","locations":[{"start":{"line":38,"column":6},"end":{"line":38,"column":43}},{"start":{},"end":{}}]},"2":{"loc":{"start":{"line":42,"column":6},"end":{"line":50,"column":7}},"type":"if","locations":[{"start":{"line":42,"column":6},"end":{"line":50,"column":7}},{"start":{},"end":{}}]}},"s":{"0":0,"1":0,"2":0,"3":0,"4":0,"5":0,"6":0,"7":0,"8":0,"9":0,"10":0,"11":0,"12":0,"13":0,"14":0,"15":0,"16":0,"17":0,"18":0,"19":0,"20":0,"21":0,"22":0,"23":0,"24":0,"25":0,"26":0,"27":0},"f":{"0":0,"1":0,"2":0,"3":0},"b":{"0":[0,0],"1":[0,0],"2":[0,0]}}
,"C:\\Users\\vishnu\\dockitty-backend\\src\\services\\grammarCorrector.ts": {"path":"C:\\Users\\vishnu\\dockitty-backend\\src\\services\\grammarCorrector.ts","statementMap":{"0":{"start":{"line":7,"column":0},"end":{"line":7,"column":7}},"1":{"start":{"line":1,"column":0},"end":{"line":1,"column":28}},"2":{"start":{"line":3,"column":15},"end":{"line":5,"column":2}},"3":{"start":{"line":8,"column":19},"end":{"line":20,"column":4}},"4":{"start":{"line":22,"column":2},"end":{"line":22,"column":53}}},"fnMap":{"0":{"name":"correctTextWithAI","decl":{"start":{"line":7,"column":22},"end":{"line":7,"column":39}},"loc":{"start":{"line":7,"column":52},"end":{"line":23,"column":1}}}},"branchMap":{"0":{"loc":{"start":{"line":22,"column":9},"end":{"line":22,"column":52}},"type":"binary-expr","locations":[{"start":{"line":22,"column":9},"end":{"line":22,"column":44}},{"start":{"line":22,"column":48},"end":{"line":22,"column":52}}]}},"s":{"0":0,"1":0,"2":0,"3":0,"4":0},"f":{"0":0},"b":{"0":[0,0]}}
,"C:\\Users\\vishnu\\dockitty-backend\\src\\utils\\auth.ts": {"path":"C:\\Users\\vishnu\\dockitty-backend\\src\\utils\\auth.ts","statementMap":{"0":{"start":{"line":1,"column":0},"end":{"line":1,"column":32}},"1":{"start":{"line":2,"column":0},"end":{"line":2,"column":78}},"2":{"start":{"line":4,"column":0},"end":{"line":20,"column":2}},"3":{"start":{"line":22,"column":0},"end":{"line":24,"column":3}},"4":{"start":{"line":23,"column":2},"end":{"line":23,"column":19}},"5":{"start":{"line":26,"column":0},"end":{"line":28,"column":3}},"6":{"start":{"line":27,"column":2},"end":{"line":27,"column":35}}},"fnMap":{"0":{"name":"(anonymous_1)","decl":{"start":{"line":11,"column":4},"end":{"line":11,"column":9}},"loc":{"start":{"line":16,"column":8},"end":{"line":18,"column":5}}},"1":{"name":"(anonymous_2)","decl":{"start":{"line":22,"column":23},"end":{"line":22,"column":24}},"loc":{"start":{"line":22,"column":43},"end":{"line":24,"column":1}}},"2":{"name":"(anonymous_3)","decl":{"start":{"line":26,"column":25},"end":{"line":26,"column":26}},"loc":{"start":{"line":26,"column":45},"end":{"line":28,"column":1}}}},"branchMap":{},"s":{"0":0,"1":0,"2":0,"3":0,"4":0,"5":0,"6":0},"f":{"0":0,"1":0,"2":0},"b":{}}
,"C:\\Users\\vishnu\\dockitty-backend\\src\\utils\\openai.ts": {"path":"C:\\Users\\vishnu\\dockitty-backend\\src\\utils\\openai.ts","statementMap":{"0":{"start":{"line":1,"column":0},"end":{"line":1,"column":28}},"1":{"start":{"line":3,"column":13},"end":{"line":5,"column":3}},"2":{"start":{"line":7,"column":30},"end":{"line":17,"column":1}},"3":{"start":{"line":8,"column":14},"end":{"line":14,"column":4}},"4":{"start":{"line":16,"column":2},"end":{"line":16,"column":47}},"5":{"start":{"line":7,"column":13},"end":{"line":7,"column":30}}},"fnMap":{"0":{"name":"(anonymous_1)","decl":{"start":{"line":7,"column":30},"end":{"line":7,"column":35}},"loc":{"start":{"line":7,"column":53},"end":{"line":17,"column":1}}}},"branchMap":{"0":{"loc":{"start":{"line":16,"column":9},"end":{"line":16,"column":46}},"type":"binary-expr","locations":[{"start":{"line":16,"column":9},"end":{"line":16,"column":40}},{"start":{"line":16,"column":44},"end":{"line":16,"column":46}}]}},"s":{"0":0,"1":0,"2":0,"3":0,"4":0,"5":0},"f":{"0":0},"b":{"0":[0,0]}}
}
